VR_Buffet/Library/Bee/Android/Prj/IL2CPP/Gradle/launcher/build/intermediates/manifest_merge_blame_file/release/manifest-merger-blame-release-report.txt
1<?xml version="1.0" encoding="utf-8"?>
2<manifest xmlns:android="http://schemas.android.com/apk/res/android"
3    package="com.DefaultCompany.VRBuffet"
4    android:installLocation="auto"
5    android:versionCode="1"
6    android:versionName="0.1" >
7
8    <uses-sdk
9        android:minSdkVersion="29"
9-->src/main/AndroidManifest.xml
10        android:targetSdkVersion="34" />
10-->src/main/AndroidManifest.xml
11
12    <supports-screens
12-->src/main/AndroidManifest.xml:4:3-163
13        android:anyDensity="true"
13-->src/main/AndroidManifest.xml:4:135-160
14        android:largeScreens="true"
14-->src/main/AndroidManifest.xml:4:78-105
15        android:normalScreens="true"
15-->src/main/AndroidManifest.xml:4:49-77
16        android:smallScreens="true"
16-->src/main/AndroidManifest.xml:4:21-48
17        android:xlargeScreens="true" />
17-->src/main/AndroidManifest.xml:4:106-134
18
19    <uses-permission android:name="android.permission.INTERNET" />
19-->[:unityLibrary] AndroidManifest.xml:11:5-67
19-->[:unityLibrary] AndroidManifest.xml:11:22-64
20
21    <uses-feature android:glEsVersion="0x00030000" />
21-->[:unityLibrary] AndroidManifest.xml:13:5-54
21-->[:unityLibrary] AndroidManifest.xml:13:19-51
22    <uses-feature
22-->[:unityLibrary] AndroidManifest.xml:14:5-16:36
23        android:name="android.hardware.vulkan.version"
23-->[:unityLibrary] AndroidManifest.xml:15:9-55
24        android:required="false" />
24-->[:unityLibrary] AndroidManifest.xml:16:9-33
25    <uses-feature
25-->[:unityLibrary] AndroidManifest.xml:17:5-19:36
26        android:name="android.hardware.touchscreen"
26-->[:unityLibrary] AndroidManifest.xml:18:9-52
27        android:required="false" />
27-->[:unityLibrary] AndroidManifest.xml:19:9-33
28    <uses-feature
28-->[:unityLibrary] AndroidManifest.xml:20:5-22:36
29        android:name="android.hardware.touchscreen.multitouch"
29-->[:unityLibrary] AndroidManifest.xml:21:9-63
30        android:required="false" />
30-->[:unityLibrary] AndroidManifest.xml:22:9-33
31    <uses-feature
31-->[:unityLibrary] AndroidManifest.xml:23:5-25:36
32        android:name="android.hardware.touchscreen.multitouch.distinct"
32-->[:unityLibrary] AndroidManifest.xml:24:9-72
33        android:required="false" />
33-->[:unityLibrary] AndroidManifest.xml:25:9-33
34    <uses-feature
34-->[:unityLibrary] AndroidManifest.xml:26:5-29:31
35        android:name="android.hardware.vr.headtracking"
35-->[:unityLibrary] AndroidManifest.xml:27:9-56
36        android:required="true"
36-->[:unityLibrary] AndroidManifest.xml:28:9-32
37        android:version="1" />
37-->[:unityLibrary] AndroidManifest.xml:29:9-28
38
39    <application
39-->src/main/AndroidManifest.xml:3:3-83
40        android:allowBackup="false"
40-->[:unityLibrary] AndroidManifest.xml:32:9-36
41        android:extractNativeLibs="true"
41-->[:unityLibrary] AndroidManifest.xml:33:9-41
42        android:icon="@mipmap/app_icon"
42-->src/main/AndroidManifest.xml:3:49-80
43        android:label="@string/app_name"
43-->src/main/AndroidManifest.xml:3:16-48
44        android:networkSecurityConfig="@xml/network_sec_config" >
44-->[:unityLibrary] AndroidManifest.xml:36:9-64
45        <meta-data
45-->[:unityLibrary] AndroidManifest.xml:37:9-39:33
46            android:name="unity.splash-mode"
46-->[:unityLibrary] AndroidManifest.xml:38:13-45
47            android:value="0" />
47-->[:unityLibrary] AndroidManifest.xml:39:13-30
48        <meta-data
48-->[:unityLibrary] AndroidManifest.xml:40:9-42:36
49            android:name="unity.splash-enable"
49-->[:unityLibrary] AndroidManifest.xml:41:13-47
50            android:value="True" />
50-->[:unityLibrary] AndroidManifest.xml:42:13-33
51        <meta-data
51-->[:unityLibrary] AndroidManifest.xml:43:9-45:36
52            android:name="unity.launch-fullscreen"
52-->[:unityLibrary] AndroidManifest.xml:44:13-51
53            android:value="True" />
53-->[:unityLibrary] AndroidManifest.xml:45:13-33
54        <meta-data
54-->[:unityLibrary] AndroidManifest.xml:46:9-48:36
55            android:name="unity.render-outside-safearea"
55-->[:unityLibrary] AndroidManifest.xml:47:13-57
56            android:value="True" />
56-->[:unityLibrary] AndroidManifest.xml:48:13-33
57        <meta-data
57-->[:unityLibrary] AndroidManifest.xml:49:9-51:50
58            android:name="notch.config"
58-->[:unityLibrary] AndroidManifest.xml:50:13-40
59            android:value="portrait|landscape" />
59-->[:unityLibrary] AndroidManifest.xml:51:13-47
60        <meta-data
60-->[:unityLibrary] AndroidManifest.xml:52:9-54:36
61            android:name="unity.auto-report-fully-drawn"
61-->[:unityLibrary] AndroidManifest.xml:53:13-57
62            android:value="true" />
62-->[:unityLibrary] AndroidManifest.xml:54:13-33
63
64        <activity
64-->[:unityLibrary] AndroidManifest.xml:56:9-82:20
65            android:name="com.unity3d.player.UnityPlayerActivity"
65-->[:unityLibrary] AndroidManifest.xml:57:13-66
66            android:configChanges="keyboard|keyboardHidden|navigation|orientation|screenLayout|screenSize|uiMode|density"
66-->[:unityLibrary] AndroidManifest.xml:58:13-122
67            android:exported="true"
67-->[:unityLibrary] AndroidManifest.xml:59:13-36
68            android:hardwareAccelerated="false"
68-->[:unityLibrary] AndroidManifest.xml:60:13-48
69            android:launchMode="singleTask"
69-->[:unityLibrary] AndroidManifest.xml:61:13-44
70            android:resizeableActivity="false"
70-->[:unityLibrary] AndroidManifest.xml:62:13-47
71            android:screenOrientation="landscape"
71-->[:unityLibrary] AndroidManifest.xml:63:13-50
72            android:theme="@android:style/Theme.Black.NoTitleBar.Fullscreen" >
72-->[:unityLibrary] AndroidManifest.xml:64:13-77
73            <intent-filter>
73-->[:unityLibrary] AndroidManifest.xml:65:13-71:29
74                <category android:name="android.intent.category.LAUNCHER" />
74-->[:unityLibrary] AndroidManifest.xml:66:17-77
74-->[:unityLibrary] AndroidManifest.xml:66:27-74
75
76                <action android:name="android.intent.action.MAIN" />
76-->[:unityLibrary] AndroidManifest.xml:68:17-69
76-->[:unityLibrary] AndroidManifest.xml:68:25-66
77
78                <category android:name="com.oculus.intent.category.VR" />
78-->[:unityLibrary] AndroidManifest.xml:70:17-74
78-->[:unityLibrary] AndroidManifest.xml:70:27-71
79            </intent-filter>
80
81            <meta-data
81-->[:unityLibrary] AndroidManifest.xml:73:13-75:40
82                android:name="unityplayer.UnityActivity"
82-->[:unityLibrary] AndroidManifest.xml:74:17-57
83                android:value="true" />
83-->[:unityLibrary] AndroidManifest.xml:75:17-37
84            <meta-data
84-->[:unityLibrary] AndroidManifest.xml:76:13-78:40
85                android:name="notch_support"
85-->[:unityLibrary] AndroidManifest.xml:77:17-45
86                android:value="true" />
86-->[:unityLibrary] AndroidManifest.xml:78:17-37
87            <meta-data
87-->[:unityLibrary] AndroidManifest.xml:79:13-81:40
88                android:name="com.oculus.vr.focusaware"
88-->[:unityLibrary] AndroidManifest.xml:80:17-56
89                android:value="true" />
89-->[:unityLibrary] AndroidManifest.xml:81:17-37
90        </activity>
91
92        <meta-data
92-->[:unityLibrary] AndroidManifest.xml:84:9-86:39
93            android:name="com.samsung.android.vr.application.mode"
93-->[:unityLibrary] AndroidManifest.xml:85:13-67
94            android:value="vr_only" />
94-->[:unityLibrary] AndroidManifest.xml:86:13-36
95        <meta-data
95-->[:unityLibrary] AndroidManifest.xml:87:9-89:37
96            android:name="com.unity.xr.oculus.LowOverheadMode"
96-->[:unityLibrary] AndroidManifest.xml:88:13-63
97            android:value="false" />
97-->[:unityLibrary] AndroidManifest.xml:89:13-34
98        <meta-data
98-->[:unityLibrary] AndroidManifest.xml:90:9-92:37
99            android:name="com.unity.xr.oculus.LateLatching"
99-->[:unityLibrary] AndroidManifest.xml:91:13-60
100            android:value="false" />
100-->[:unityLibrary] AndroidManifest.xml:92:13-34
101        <meta-data
101-->[:unityLibrary] AndroidManifest.xml:93:9-95:37
102            android:name="com.unity.xr.oculus.LateLatchingDebug"
102-->[:unityLibrary] AndroidManifest.xml:94:13-65
103            android:value="false" />
103-->[:unityLibrary] AndroidManifest.xml:95:13-34
104        <meta-data
104-->[:unityLibrary] AndroidManifest.xml:96:9-98:47
105            android:name="com.oculus.supportedDevices"
105-->[:unityLibrary] AndroidManifest.xml:97:13-55
106            android:value="quest2|questpro" />
106-->[:unityLibrary] AndroidManifest.xml:98:13-44
107        <meta-data
107-->[:unityLibrary] AndroidManifest.xml:99:9-101:37
108            android:name="com.oculus.ossplash.background"
108-->[:unityLibrary] AndroidManifest.xml:100:13-58
109            android:value="black" />
109-->[:unityLibrary] AndroidManifest.xml:101:13-34
110    </application>
111
112</manifest>